[2020-03-26 20:14:13.080] [exthost] [info] extension host started
[2020-03-26 20:14:13.093] [exthost] [info] ExtensionService#_doActivateExtension vscode.debug-auto-launch {"startup":true,"extensionId":{"value":"vscode.debug-auto-launch","_lower":"vscode.debug-auto-launch"},"activationEvent":"*"}
[2020-03-26 20:14:13.093] [exthost] [info] ExtensionService#loadCommonJSModule file:///opt/visual-studio-code-insiders/resources/app/extensions/debug-auto-launch/dist/extension
[2020-03-26 20:14:13.096] [exthost] [info] ExtensionService#_doActivateExtension vscode.emmet {"startup":true,"extensionId":{"value":"vscode.emmet","_lower":"vscode.emmet"},"activationEvent":"*"}
[2020-03-26 20:14:13.096] [exthost] [info] ExtensionService#loadCommonJSModule file:///opt/visual-studio-code-insiders/resources/app/extensions/emmet/dist/extension
[2020-03-26 20:14:13.112] [exthost] [info] ExtensionService#_doActivateExtension vscode.git {"startup":true,"extensionId":{"value":"vscode.git","_lower":"vscode.git"},"activationEvent":"*"}
[2020-03-26 20:14:13.113] [exthost] [info] ExtensionService#loadCommonJSModule file:///opt/visual-studio-code-insiders/resources/app/extensions/git/dist/main
[2020-03-26 20:14:13.142] [exthost] [info] ExtensionService#_doActivateExtension vscode.github-authentication {"startup":true,"extensionId":{"value":"vscode.github-authentication","_lower":"vscode.github-authentication"},"activationEvent":"*"}
[2020-03-26 20:14:13.142] [exthost] [info] ExtensionService#loadCommonJSModule file:///opt/visual-studio-code-insiders/resources/app/extensions/github-authentication/dist/extension.js
[2020-03-26 20:14:13.148] [exthost] [info] ExtensionService#_doActivateExtension vscode.merge-conflict {"startup":true,"extensionId":{"value":"vscode.merge-conflict","_lower":"vscode.merge-conflict"},"activationEvent":"*"}
[2020-03-26 20:14:13.148] [exthost] [info] ExtensionService#loadCommonJSModule file:///opt/visual-studio-code-insiders/resources/app/extensions/merge-conflict/dist/extension
[2020-03-26 20:14:13.151] [exthost] [info] ExtensionService#_doActivateExtension vscode.search-result {"startup":true,"extensionId":{"value":"vscode.search-result","_lower":"vscode.search-result"},"activationEvent":"*"}
[2020-03-26 20:14:13.151] [exthost] [info] ExtensionService#loadCommonJSModule file:///opt/visual-studio-code-insiders/resources/app/extensions/search-result/dist/extension.js
[2020-03-26 20:14:13.152] [exthost] [info] ExtensionService#_doActivateExtension vscode.vscode-account {"startup":true,"extensionId":{"value":"vscode.vscode-account","_lower":"vscode.vscode-account"},"activationEvent":"*"}
[2020-03-26 20:14:13.152] [exthost] [info] ExtensionService#loadCommonJSModule file:///opt/visual-studio-code-insiders/resources/app/extensions/vscode-account/dist/extension.js
[2020-03-26 20:14:13.154] [exthost] [info] ExtensionService#_doActivateExtension be5invis.vscode-custom-css {"startup":true,"extensionId":{"value":"be5invis.vscode-custom-css","_lower":"be5invis.vscode-custom-css"},"activationEvent":"*"}
[2020-03-26 20:14:13.154] [exthost] [info] ExtensionService#loadCommonJSModule file:///home/sebastian/.vscode-insiders/extensions/be5invis.vscode-custom-css-3.0.9/src/extension
[2020-03-26 20:14:13.156] [exthost] [info] ExtensionService#_doActivateExtension CoenraadS.disableligatures {"startup":true,"extensionId":{"value":"CoenraadS.disableligatures","_lower":"coenraads.disableligatures"},"activationEvent":"*"}
[2020-03-26 20:14:13.156] [exthost] [info] ExtensionService#loadCommonJSModule file:///home/sebastian/.vscode-insiders/extensions/coenraads.disableligatures-0.0.8/out/src/extension
[2020-03-26 20:14:13.157] [exthost] [info] ExtensionService#_doActivateExtension dbaeumer.vscode-eslint {"startup":true,"extensionId":{"value":"dbaeumer.vscode-eslint","_lower":"dbaeumer.vscode-eslint"},"activationEvent":"*"}
[2020-03-26 20:14:13.157] [exthost] [info] ExtensionService#loadCommonJSModule file:///home/sebastian/.vscode-insiders/extensions/dbaeumer.vscode-eslint-2.1.1/client/out/extension
[2020-03-26 20:14:13.166] [exthost] [info] ExtensionService#_doActivateExtension devine-davies.make-hidden {"startup":true,"extensionId":{"value":"devine-davies.make-hidden","_lower":"devine-davies.make-hidden"},"activationEvent":"*"}
[2020-03-26 20:14:13.166] [exthost] [info] ExtensionService#loadCommonJSModule file:///home/sebastian/.vscode-insiders/extensions/devine-davies.make-hidden-3.0.3/out/src/extension
[2020-03-26 20:14:13.172] [exthost] [info] ExtensionService#_doActivateExtension esbenp.prettier-vscode {"startup":true,"extensionId":{"value":"esbenp.prettier-vscode","_lower":"esbenp.prettier-vscode"},"activationEvent":"*"}
[2020-03-26 20:14:13.172] [exthost] [info] ExtensionService#loadCommonJSModule file:///home/sebastian/.vscode-insiders/extensions/esbenp.prettier-vscode-3.20.0/dist/extension
[2020-03-26 20:14:13.223] [exthost] [info] ExtensionService#_doActivateExtension jhartell.vscode-line-endings {"startup":true,"extensionId":{"value":"jhartell.vscode-line-endings","_lower":"jhartell.vscode-line-endings"},"activationEvent":"*"}
[2020-03-26 20:14:13.223] [exthost] [info] ExtensionService#loadCommonJSModule file:///home/sebastian/.vscode-insiders/extensions/jhartell.vscode-line-endings-0.2.0/out/extension
[2020-03-26 20:14:13.224] [exthost] [info] ExtensionService#_doActivateExtension RoscoP.ActiveFileInStatusBar {"startup":true,"extensionId":{"value":"RoscoP.ActiveFileInStatusBar","_lower":"roscop.activefileinstatusbar"},"activationEvent":"*"}
[2020-03-26 20:14:13.224] [exthost] [info] ExtensionService#loadCommonJSModule file:///home/sebastian/.vscode-insiders/extensions/roscop.activefileinstatusbar-1.0.3/extension
[2020-03-26 20:14:13.230] [exthost] [info] ExtensionService#_doActivateExtension zhuangtongfa.material-theme {"startup":true,"extensionId":{"value":"zhuangtongfa.material-theme","_lower":"zhuangtongfa.material-theme"},"activationEvent":"*"}
[2020-03-26 20:14:13.230] [exthost] [info] ExtensionService#loadCommonJSModule file:///home/sebastian/.vscode-insiders/extensions/zhuangtongfa.material-theme-3.2.4/out/extension.js
[2020-03-26 20:14:13.247] [exthost] [info] eager extensions activated
[2020-03-26 20:14:32.425] [exthost] [info] extension host started
[2020-03-26 20:14:32.468] [exthost] [info] ExtensionService#_doActivateExtension vscode.typescript-language-features {"startup":false,"extensionId":{"value":"vscode.typescript-language-features","_lower":"vscode.typescript-language-features"},"activationEvent":"onLanguage:typescriptreact"}
[2020-03-26 20:14:32.469] [exthost] [info] ExtensionService#loadCommonJSModule file:///opt/visual-studio-code-insiders/resources/app/extensions/typescript-language-features/dist/extension
[2020-03-26 20:14:32.494] [exthost] [info] ExtensionService#_doActivateExtension vscode.debug-auto-launch {"startup":true,"extensionId":{"value":"vscode.debug-auto-launch","_lower":"vscode.debug-auto-launch"},"activationEvent":"*"}
[2020-03-26 20:14:32.494] [exthost] [info] ExtensionService#loadCommonJSModule file:///opt/visual-studio-code-insiders/resources/app/extensions/debug-auto-launch/dist/extension
[2020-03-26 20:14:32.496] [exthost] [info] ExtensionService#_doActivateExtension vscode.emmet {"startup":true,"extensionId":{"value":"vscode.emmet","_lower":"vscode.emmet"},"activationEvent":"*"}
[2020-03-26 20:14:32.496] [exthost] [info] ExtensionService#loadCommonJSModule file:///opt/visual-studio-code-insiders/resources/app/extensions/emmet/dist/extension
[2020-03-26 20:14:32.520] [exthost] [info] ExtensionService#_doActivateExtension vscode.git {"startup":true,"extensionId":{"value":"vscode.git","_lower":"vscode.git"},"activationEvent":"*"}
[2020-03-26 20:14:32.520] [exthost] [info] ExtensionService#loadCommonJSModule file:///opt/visual-studio-code-insiders/resources/app/extensions/git/dist/main
[2020-03-26 20:14:32.572] [exthost] [info] ExtensionService#_doActivateExtension vscode.github-authentication {"startup":true,"extensionId":{"value":"vscode.github-authentication","_lower":"vscode.github-authentication"},"activationEvent":"*"}
[2020-03-26 20:14:32.572] [exthost] [info] ExtensionService#loadCommonJSModule file:///opt/visual-studio-code-insiders/resources/app/extensions/github-authentication/dist/extension.js
[2020-03-26 20:14:32.578] [exthost] [info] ExtensionService#_doActivateExtension vscode.merge-conflict {"startup":true,"extensionId":{"value":"vscode.merge-conflict","_lower":"vscode.merge-conflict"},"activationEvent":"*"}
[2020-03-26 20:14:32.578] [exthost] [info] ExtensionService#loadCommonJSModule file:///opt/visual-studio-code-insiders/resources/app/extensions/merge-conflict/dist/extension
[2020-03-26 20:14:32.580] [exthost] [info] ExtensionService#_doActivateExtension vscode.search-result {"startup":true,"extensionId":{"value":"vscode.search-result","_lower":"vscode.search-result"},"activationEvent":"*"}
[2020-03-26 20:14:32.581] [exthost] [info] ExtensionService#loadCommonJSModule file:///opt/visual-studio-code-insiders/resources/app/extensions/search-result/dist/extension.js
[2020-03-26 20:14:32.581] [exthost] [info] ExtensionService#_doActivateExtension vscode.vscode-account {"startup":true,"extensionId":{"value":"vscode.vscode-account","_lower":"vscode.vscode-account"},"activationEvent":"*"}
[2020-03-26 20:14:32.582] [exthost] [info] ExtensionService#loadCommonJSModule file:///opt/visual-studio-code-insiders/resources/app/extensions/vscode-account/dist/extension.js
[2020-03-26 20:14:32.584] [exthost] [info] ExtensionService#_doActivateExtension be5invis.vscode-custom-css {"startup":true,"extensionId":{"value":"be5invis.vscode-custom-css","_lower":"be5invis.vscode-custom-css"},"activationEvent":"*"}
[2020-03-26 20:14:32.584] [exthost] [info] ExtensionService#loadCommonJSModule file:///home/sebastian/.vscode-insiders/extensions/be5invis.vscode-custom-css-3.0.9/src/extension
[2020-03-26 20:14:32.586] [exthost] [info] ExtensionService#_doActivateExtension CoenraadS.disableligatures {"startup":true,"extensionId":{"value":"CoenraadS.disableligatures","_lower":"coenraads.disableligatures"},"activationEvent":"*"}
[2020-03-26 20:14:32.586] [exthost] [info] ExtensionService#loadCommonJSModule file:///home/sebastian/.vscode-insiders/extensions/coenraads.disableligatures-0.0.8/out/src/extension
[2020-03-26 20:14:32.587] [exthost] [info] ExtensionService#_doActivateExtension dbaeumer.vscode-eslint {"startup":true,"extensionId":{"value":"dbaeumer.vscode-eslint","_lower":"dbaeumer.vscode-eslint"},"activationEvent":"*"}
[2020-03-26 20:14:32.587] [exthost] [info] ExtensionService#loadCommonJSModule file:///home/sebastian/.vscode-insiders/extensions/dbaeumer.vscode-eslint-2.1.1/client/out/extension
[2020-03-26 20:14:32.597] [exthost] [info] ExtensionService#_doActivateExtension devine-davies.make-hidden {"startup":true,"extensionId":{"value":"devine-davies.make-hidden","_lower":"devine-davies.make-hidden"},"activationEvent":"*"}
[2020-03-26 20:14:32.597] [exthost] [info] ExtensionService#loadCommonJSModule file:///home/sebastian/.vscode-insiders/extensions/devine-davies.make-hidden-3.0.3/out/src/extension
[2020-03-26 20:14:32.606] [exthost] [info] ExtensionService#_doActivateExtension esbenp.prettier-vscode {"startup":true,"extensionId":{"value":"esbenp.prettier-vscode","_lower":"esbenp.prettier-vscode"},"activationEvent":"*"}
[2020-03-26 20:14:32.606] [exthost] [info] ExtensionService#loadCommonJSModule file:///home/sebastian/.vscode-insiders/extensions/esbenp.prettier-vscode-3.20.0/dist/extension
[2020-03-26 20:14:32.667] [exthost] [info] ExtensionService#_doActivateExtension jhartell.vscode-line-endings {"startup":true,"extensionId":{"value":"jhartell.vscode-line-endings","_lower":"jhartell.vscode-line-endings"},"activationEvent":"*"}
[2020-03-26 20:14:32.667] [exthost] [info] ExtensionService#loadCommonJSModule file:///home/sebastian/.vscode-insiders/extensions/jhartell.vscode-line-endings-0.2.0/out/extension
[2020-03-26 20:14:32.668] [exthost] [info] ExtensionService#_doActivateExtension RoscoP.ActiveFileInStatusBar {"startup":true,"extensionId":{"value":"RoscoP.ActiveFileInStatusBar","_lower":"roscop.activefileinstatusbar"},"activationEvent":"*"}
[2020-03-26 20:14:32.668] [exthost] [info] ExtensionService#loadCommonJSModule file:///home/sebastian/.vscode-insiders/extensions/roscop.activefileinstatusbar-1.0.3/extension
[2020-03-26 20:14:32.669] [exthost] [info] ExtensionService#_doActivateExtension zhuangtongfa.material-theme {"startup":true,"extensionId":{"value":"zhuangtongfa.material-theme","_lower":"zhuangtongfa.material-theme"},"activationEvent":"*"}
[2020-03-26 20:14:32.669] [exthost] [info] ExtensionService#loadCommonJSModule file:///home/sebastian/.vscode-insiders/extensions/zhuangtongfa.material-theme-3.2.4/out/extension.js
[2020-03-26 20:14:32.684] [exthost] [info] ExtensionService#_doActivateExtension vscode.npm {"startup":true,"extensionId":{"value":"vscode.npm","_lower":"vscode.npm"},"activationEvent":"workspaceContains:package.json"}
[2020-03-26 20:14:32.684] [exthost] [info] ExtensionService#loadCommonJSModule file:///opt/visual-studio-code-insiders/resources/app/extensions/npm/dist/main
[2020-03-26 20:14:32.955] [exthost] [info] eager extensions activated
[2020-03-26 20:14:35.329] [exthost] [info] ExtensionService#_doActivateExtension vscode.configuration-editing {"startup":false,"extensionId":{"value":"vscode.configuration-editing","_lower":"vscode.configuration-editing"},"activationEvent":"onLanguage:jsonc"}
[2020-03-26 20:14:35.329] [exthost] [info] ExtensionService#loadCommonJSModule file:///opt/visual-studio-code-insiders/resources/app/extensions/configuration-editing/dist/extension
[2020-03-26 20:14:35.332] [exthost] [info] ExtensionService#_doActivateExtension vscode.json-language-features {"startup":false,"extensionId":{"value":"vscode.json-language-features","_lower":"vscode.json-language-features"},"activationEvent":"onLanguage:jsonc"}
[2020-03-26 20:14:35.333] [exthost] [info] ExtensionService#loadCommonJSModule file:///opt/visual-studio-code-insiders/resources/app/extensions/json-language-features/client/dist/jsonMain
