[2020-03-27 08:59:53.861] [exthost] [info] extension host started
[2020-03-27 08:59:53.873] [exthost] [info] ExtensionService#_doActivateExtension vscode.debug-auto-launch {"startup":true,"extensionId":{"value":"vscode.debug-auto-launch","_lower":"vscode.debug-auto-launch"},"activationEvent":"*"}
[2020-03-27 08:59:53.873] [exthost] [info] ExtensionService#loadCommonJSModule file:///opt/visual-studio-code-insiders/resources/app/extensions/debug-auto-launch/dist/extension
[2020-03-27 08:59:53.876] [exthost] [info] ExtensionService#_doActivateExtension vscode.emmet {"startup":true,"extensionId":{"value":"vscode.emmet","_lower":"vscode.emmet"},"activationEvent":"*"}
[2020-03-27 08:59:53.876] [exthost] [info] ExtensionService#loadCommonJSModule file:///opt/visual-studio-code-insiders/resources/app/extensions/emmet/dist/extension
[2020-03-27 08:59:53.893] [exthost] [info] ExtensionService#_doActivateExtension vscode.git {"startup":true,"extensionId":{"value":"vscode.git","_lower":"vscode.git"},"activationEvent":"*"}
[2020-03-27 08:59:53.893] [exthost] [info] ExtensionService#loadCommonJSModule file:///opt/visual-studio-code-insiders/resources/app/extensions/git/dist/main
[2020-03-27 08:59:53.923] [exthost] [info] ExtensionService#_doActivateExtension vscode.github-authentication {"startup":true,"extensionId":{"value":"vscode.github-authentication","_lower":"vscode.github-authentication"},"activationEvent":"*"}
[2020-03-27 08:59:53.923] [exthost] [info] ExtensionService#loadCommonJSModule file:///opt/visual-studio-code-insiders/resources/app/extensions/github-authentication/dist/extension.js
[2020-03-27 08:59:53.929] [exthost] [info] ExtensionService#_doActivateExtension vscode.merge-conflict {"startup":true,"extensionId":{"value":"vscode.merge-conflict","_lower":"vscode.merge-conflict"},"activationEvent":"*"}
[2020-03-27 08:59:53.929] [exthost] [info] ExtensionService#loadCommonJSModule file:///opt/visual-studio-code-insiders/resources/app/extensions/merge-conflict/dist/extension
[2020-03-27 08:59:53.932] [exthost] [info] ExtensionService#_doActivateExtension vscode.search-result {"startup":true,"extensionId":{"value":"vscode.search-result","_lower":"vscode.search-result"},"activationEvent":"*"}
[2020-03-27 08:59:53.932] [exthost] [info] ExtensionService#loadCommonJSModule file:///opt/visual-studio-code-insiders/resources/app/extensions/search-result/dist/extension.js
[2020-03-27 08:59:53.932] [exthost] [info] ExtensionService#_doActivateExtension vscode.vscode-account {"startup":true,"extensionId":{"value":"vscode.vscode-account","_lower":"vscode.vscode-account"},"activationEvent":"*"}
[2020-03-27 08:59:53.933] [exthost] [info] ExtensionService#loadCommonJSModule file:///opt/visual-studio-code-insiders/resources/app/extensions/vscode-account/dist/extension.js
[2020-03-27 08:59:53.935] [exthost] [info] ExtensionService#_doActivateExtension be5invis.vscode-custom-css {"startup":true,"extensionId":{"value":"be5invis.vscode-custom-css","_lower":"be5invis.vscode-custom-css"},"activationEvent":"*"}
[2020-03-27 08:59:53.935] [exthost] [info] ExtensionService#loadCommonJSModule file:///home/sebastian/.vscode-insiders/extensions/be5invis.vscode-custom-css-3.0.9/src/extension
[2020-03-27 08:59:53.937] [exthost] [info] ExtensionService#_doActivateExtension CoenraadS.disableligatures {"startup":true,"extensionId":{"value":"CoenraadS.disableligatures","_lower":"coenraads.disableligatures"},"activationEvent":"*"}
[2020-03-27 08:59:53.937] [exthost] [info] ExtensionService#loadCommonJSModule file:///home/sebastian/.vscode-insiders/extensions/coenraads.disableligatures-0.0.8/out/src/extension
[2020-03-27 08:59:53.937] [exthost] [info] ExtensionService#_doActivateExtension dbaeumer.vscode-eslint {"startup":true,"extensionId":{"value":"dbaeumer.vscode-eslint","_lower":"dbaeumer.vscode-eslint"},"activationEvent":"*"}
[2020-03-27 08:59:53.937] [exthost] [info] ExtensionService#loadCommonJSModule file:///home/sebastian/.vscode-insiders/extensions/dbaeumer.vscode-eslint-2.1.1/client/out/extension
[2020-03-27 08:59:53.947] [exthost] [info] ExtensionService#_doActivateExtension devine-davies.make-hidden {"startup":true,"extensionId":{"value":"devine-davies.make-hidden","_lower":"devine-davies.make-hidden"},"activationEvent":"*"}
[2020-03-27 08:59:53.947] [exthost] [info] ExtensionService#loadCommonJSModule file:///home/sebastian/.vscode-insiders/extensions/devine-davies.make-hidden-3.0.3/out/src/extension
[2020-03-27 08:59:53.953] [exthost] [info] ExtensionService#_doActivateExtension esbenp.prettier-vscode {"startup":true,"extensionId":{"value":"esbenp.prettier-vscode","_lower":"esbenp.prettier-vscode"},"activationEvent":"*"}
[2020-03-27 08:59:53.953] [exthost] [info] ExtensionService#loadCommonJSModule file:///home/sebastian/.vscode-insiders/extensions/esbenp.prettier-vscode-3.20.0/dist/extension
[2020-03-27 08:59:54.003] [exthost] [info] ExtensionService#_doActivateExtension jhartell.vscode-line-endings {"startup":true,"extensionId":{"value":"jhartell.vscode-line-endings","_lower":"jhartell.vscode-line-endings"},"activationEvent":"*"}
[2020-03-27 08:59:54.004] [exthost] [info] ExtensionService#loadCommonJSModule file:///home/sebastian/.vscode-insiders/extensions/jhartell.vscode-line-endings-0.2.0/out/extension
[2020-03-27 08:59:54.004] [exthost] [info] ExtensionService#_doActivateExtension RoscoP.ActiveFileInStatusBar {"startup":true,"extensionId":{"value":"RoscoP.ActiveFileInStatusBar","_lower":"roscop.activefileinstatusbar"},"activationEvent":"*"}
[2020-03-27 08:59:54.004] [exthost] [info] ExtensionService#loadCommonJSModule file:///home/sebastian/.vscode-insiders/extensions/roscop.activefileinstatusbar-1.0.3/extension
[2020-03-27 08:59:54.009] [exthost] [info] ExtensionService#_doActivateExtension zhuangtongfa.material-theme {"startup":true,"extensionId":{"value":"zhuangtongfa.material-theme","_lower":"zhuangtongfa.material-theme"},"activationEvent":"*"}
[2020-03-27 08:59:54.009] [exthost] [info] ExtensionService#loadCommonJSModule file:///home/sebastian/.vscode-insiders/extensions/zhuangtongfa.material-theme-3.2.4/out/extension.js
[2020-03-27 08:59:54.023] [exthost] [info] eager extensions activated
