["INFO" - 7:15:35 PM] Extension Name: "prettier-vscode".
["INFO" - 7:15:35 PM] Extension Version: "3.20.0".
["INFO" - 7:15:35 PM] Loaded module 'prettier@2.0.2' from '/home/sebastian/dev/core-widget/node_modules/prettier/index.js'
["INFO" - 7:15:35 PM] Enabling prettier for languages
[
  "css",
  "graphql",
  "html",
  "javascript",
  "javascriptreact",
  "json",
  "json5",
  "jsonc",
  "less",
  "markdown",
  "mdx",
  "mongo",
  "postcss",
  "scss",
  "typescript",
  "typescriptreact",
  "vue",
  "yaml"
]
["INFO" - 7:15:35 PM] Enabling prettier for range supported languages
[
  "graphql",
  "javascript",
  "javascriptreact",
  "json",
  "typescript",
  "typescriptreact"
]
["INFO" - 7:17:01 PM] Formatting /home/sebastian/.vscode-custom.css
["INFO" - 7:17:01 PM] Require config set to true and no config present. Skipping file.
